# JRE version: OpenJDK Runtime Environment Corretto-17.0.6.10.1 (17.0.6+10) (build 17.0.6+10-LTS)
# Java VM: OpenJDK 64-Bit Server VM Corretto-17.0.6.10.1 (17.0.6+10-LTS, mixed mode, sharing, tiered, compressed oops, compressed class ptrs, g1 gc, bsd-aarch64)
Heap:
 garbage-first heap   total 266240K, used 63370K [0x0000000700000000, 0x0000000800000000)
  region size 2048K, 31 young (63488K), 1 survivors (2048K)
 Metaspace       used 2063K, committed 2240K, reserved 1056768K
  class space    used 217K, committed 320K, reserved 1048576K
GC Heap History (10 events):
Event: 24.761 GC heap before
{Heap before GC invocations=0 (full 0):
 garbage-first heap   total 266240K, used 24544K [0x0000000700000000, 0x0000000800000000)
  region size 2048K, 11 young (22528K), 0 survivors (0K)
 Metaspace       used 2059K, committed 2240K, reserved 1056768K
  class space    used 217K, committed 320K, reserved 1048576K
}
Event: 24.762 GC heap after
{Heap after GC invocations=1 (full 0):
 garbage-first heap   total 266240K, used 3013K [0x0000000700000000, 0x0000000800000000)
  region size 2048K, 1 young (2048K), 1 survivors (2048K)
 Metaspace       used 2059K, committed 2240K, reserved 1056768K
  class space    used 217K, committed 320K, reserved 1048576K
}
Event: 24.842 GC heap before
{Heap before GC invocations=1 (full 0):
 garbage-first heap   total 266240K, used 43973K [0x0000000700000000, 0x0000000800000000)
  region size 2048K, 21 young (43008K), 1 survivors (2048K)
 Metaspace       used 2060K, committed 2240K, reserved 1056768K
  class space    used 217K, committed 320K, reserved 1048576K
}
Event: 24.842 GC heap after
{Heap after GC invocations=2 (full 0):
 garbage-first heap   total 266240K, used 2931K [0x0000000700000000, 0x0000000800000000)
  region size 2048K, 1 young (2048K), 1 survivors (2048K)
 Metaspace       used 2060K, committed 2240K, reserved 1056768K
  class space    used 217K, committed 320K, reserved 1048576K
}
Event: 25.135 GC heap before
{Heap before GC invocations=2 (full 0):
 garbage-first heap   total 266240K, used 156531K [0x0000000700000000, 0x0000000800000000)
  region size 2048K, 76 young (155648K), 1 survivors (2048K)
 Metaspace       used 2061K, committed 2240K, reserved 1056768K
  class space    used 217K, committed 320K, reserved 1048576K
}
Event: 25.136 GC heap after
{Heap after GC invocations=3 (full 0):
 garbage-first heap   total 266240K, used 2954K [0x0000000700000000, 0x0000000800000000)
  region size 2048K, 1 young (2048K), 1 survivors (2048K)
 Metaspace       used 2061K, committed 2240K, reserved 1056768K
  class space    used 217K, committed 320K, reserved 1048576K
}
Event: 25.421 GC heap before
{Heap before GC invocations=3 (full 0):
 garbage-first heap   total 266240K, used 156554K [0x0000000700000000, 0x0000000800000000)
  region size 2048K, 76 young (155648K), 1 survivors (2048K)
 Metaspace       used 2063K, committed 2240K, reserved 1056768K
  class space    used 217K, committed 320K, reserved 1048576K
}
Event: 25.421 GC heap after
{Heap after GC invocations=4 (full 0):
 garbage-first heap   total 266240K, used 2948K [0x0000000700000000, 0x0000000800000000)
  region size 2048K, 1 young (2048K), 1 survivors (2048K)
 Metaspace       used 2063K, committed 2240K, reserved 1056768K
  class space    used 217K, committed 320K, reserved 1048576K
}
Event: 25.646 GC heap before
{Heap before GC invocations=4 (full 0):
 garbage-first heap   total 266240K, used 156548K [0x0000000700000000, 0x0000000800000000)
  region size 2048K, 76 young (155648K), 1 survivors (2048K)
 Metaspace       used 2063K, committed 2240K, reserved 1056768K
  class space    used 217K, committed 320K, reserved 1048576K
}
Event: 25.646 GC heap after
{Heap after GC invocations=5 (full 0):
 garbage-first heap   total 266240K, used 2952K [0x0000000700000000, 0x0000000800000000)
  region size 2048K, 1 young (2048K), 1 survivors (2048K)
 Metaspace       used 2063K, committed 2240K, reserved 1056768K
  class space    used 217K, committed 320K, reserved 1048576K
}

